INFO 2021-03-11 22:40:59,985 autoreload 25 140077558443336 Watching for file changes with StatReloader
INFO 2021-03-11 22:41:13,868 basehttp 25 140077521197856 "GET /students/groups HTTP/1.1" 200 1549
INFO 2021-03-11 22:41:14,505 basehttp 25 140077521197856 "GET /students/teachers HTTP/1.1" 200 1557
INFO 2021-03-11 22:42:02,210 autoreload 25 140077558443336 /usr/src/app/lab_2/settings.py changed, reloading.
INFO 2021-03-11 22:42:28,899 autoreload 9 139853770075464 Watching for file changes with StatReloader
WARNING 2021-03-11 22:42:39,571 log 9 139853732829984 Not Found: /
WARNING 2021-03-11 22:42:39,575 basehttp 9 139853732829984 "GET / HTTP/1.1" 404 2029
INFO 2021-03-11 22:42:42,505 basehttp 9 139853732829984 "GET /students/groups HTTP/1.1" 200 1549
INFO 2021-03-11 22:42:44,341 basehttp 9 139853732829984 "GET /students/ HTTP/1.1" 200 1557
INFO 2021-03-11 22:42:45,240 basehttp 9 139853732829984 "GET /students/teachers HTTP/1.1" 200 1557
INFO 2021-03-11 22:42:45,741 basehttp 9 139853732829984 "GET /students/groups HTTP/1.1" 200 1549
INFO 2021-03-11 22:42:46,207 basehttp 9 139853732829984 "GET /students/faculties HTTP/1.1" 200 1605
INFO 2021-03-11 22:42:46,649 basehttp 9 139853732829984 "GET /students/groups HTTP/1.1" 200 1549
INFO 2021-03-11 22:42:47,074 basehttp 9 139853732829984 "GET /students/teachers HTTP/1.1" 200 1557
INFO 2021-03-11 22:42:47,410 basehttp 9 139853732829984 "GET /students/ HTTP/1.1" 200 1557
INFO 2021-03-11 22:43:12,519 basehttp 9 139853732829984 "GET /students/faculties HTTP/1.1" 200 1605
INFO 2021-03-11 22:43:13,124 basehttp 9 139853732829984 "GET /students/teachers HTTP/1.1" 200 1557
INFO 2021-03-11 22:43:14,328 basehttp 9 139853732829984 "GET /students/faculties HTTP/1.1" 200 1605
INFO 2021-03-11 22:43:15,606 basehttp 9 139853732829984 "GET /students/faculties/1 HTTP/1.1" 200 1606
INFO 2021-03-11 22:45:24,918 basehttp 9 139853732829984 "GET /students/teachers HTTP/1.1" 200 1557
INFO 2021-03-11 22:45:25,638 basehttp 9 139853732829984 "GET /students/groups HTTP/1.1" 200 1549
INFO 2021-03-11 22:45:26,486 basehttp 9 139853732829984 "GET /students/faculties HTTP/1.1" 200 1605
INFO 2021-03-11 22:45:27,012 basehttp 9 139853732829984 "GET /students/groups HTTP/1.1" 200 1549
INFO 2021-03-11 22:45:28,070 basehttp 9 139853732829984 "GET /students/faculties HTTP/1.1" 200 1605
INFO 2021-03-11 22:45:32,976 basehttp 9 139853732829984 "GET /students/faculties HTTP/1.1" 200 1605
INFO 2021-03-11 22:45:35,913 basehttp 9 139853732829984 "GET /students/faculties/1 HTTP/1.1" 200 1606
INFO 2021-03-11 22:45:36,827 basehttp 9 139853732829984 "GET /students/delete_faculty/1 HTTP/1.1" 200 1868
INFO 2021-03-11 22:46:32,224 basehttp 9 139853732829984 "GET /students/groups HTTP/1.1" 200 1549
INFO 2021-03-11 22:46:33,072 basehttp 9 139853732829984 "GET /students/faculties HTTP/1.1" 200 1605
INFO 2021-03-11 22:46:35,408 basehttp 9 139853732829984 "GET /students/faculties/1 HTTP/1.1" 200 1606
INFO 2021-03-11 22:46:36,142 basehttp 9 139853732829984 "GET /students/delete_faculty/1 HTTP/1.1" 200 1961
INFO 2021-03-11 22:46:48,950 basehttp 9 139853732829984 "GET /students/groups HTTP/1.1" 200 1549
INFO 2021-03-11 22:46:49,415 basehttp 9 139853732829984 "GET /students/faculties HTTP/1.1" 200 1605
INFO 2021-03-11 22:46:50,604 basehttp 9 139853732829984 "GET /students/faculties/1 HTTP/1.1" 200 1606
INFO 2021-03-11 22:46:51,412 basehttp 9 139853732829984 "GET /students/delete_faculty/1 HTTP/1.1" 200 1984
INFO 2021-03-11 22:47:00,888 basehttp 9 139853732829984 "GET /students/groups HTTP/1.1" 200 1549
INFO 2021-03-11 22:47:01,413 basehttp 9 139853732829984 "GET /students/faculties HTTP/1.1" 200 1605
INFO 2021-03-11 22:47:02,772 basehttp 9 139853732829984 "GET /students/groups HTTP/1.1" 200 1549
INFO 2021-03-11 22:47:04,163 basehttp 9 139853732829984 "GET /students/insert_group HTTP/1.1" 200 2018
INFO 2021-03-11 22:47:05,297 basehttp 9 139853732829984 "GET /students/groups HTTP/1.1" 200 1549
INFO 2021-03-11 22:47:06,163 basehttp 9 139853732829984 "GET /students/faculties HTTP/1.1" 200 1605
INFO 2021-03-11 22:47:07,558 basehttp 9 139853732829984 "GET /students/faculties/1 HTTP/1.1" 200 1606
INFO 2021-03-11 22:47:08,416 basehttp 9 139853732829984 "GET /students/delete_faculty/1 HTTP/1.1" 200 1980
INFO 2021-03-11 22:48:01,868 basehttp 9 139853732829984 "GET /students/faculties HTTP/1.1" 200 1605
INFO 2021-03-11 22:48:03,037 basehttp 9 139853732829984 "GET /students/faculties/1 HTTP/1.1" 200 1606
INFO 2021-03-11 22:48:03,779 basehttp 9 139853732829984 "GET /students/delete_faculty/1 HTTP/1.1" 200 2063
INFO 2021-03-11 22:48:41,498 basehttp 9 139853732829984 "GET /students/faculties HTTP/1.1" 200 1605
INFO 2021-03-11 22:48:42,614 basehttp 9 139853732829984 "GET /students/faculties/1 HTTP/1.1" 200 1606
INFO 2021-03-11 22:48:43,634 basehttp 9 139853732829984 "GET /students/delete_faculty/1 HTTP/1.1" 200 2105
INFO 2021-03-11 22:49:04,971 basehttp 9 139853732829984 "GET /students/faculties HTTP/1.1" 200 1605
INFO 2021-03-11 22:49:05,656 basehttp 9 139853732829984 "GET /students/groups HTTP/1.1" 200 1549
INFO 2021-03-11 22:49:06,215 basehttp 9 139853732829984 "GET /students/faculties HTTP/1.1" 200 1605
INFO 2021-03-11 22:49:06,830 basehttp 9 139853732829984 "GET /students/insert_faculty HTTP/1.1" 200 1824
INFO 2021-03-11 22:49:08,172 basehttp 9 139853732829984 "GET /students/faculties HTTP/1.1" 200 1605
INFO 2021-03-11 22:49:09,066 basehttp 9 139853732829984 "GET /students/faculties/1 HTTP/1.1" 200 1606
INFO 2021-03-11 22:49:09,833 basehttp 9 139853732829984 "GET /students/delete_faculty/1 HTTP/1.1" 200 2123
INFO 2021-03-11 22:49:27,867 basehttp 9 139853732829984 "GET /students/groups HTTP/1.1" 200 1549
INFO 2021-03-11 22:49:29,026 basehttp 9 139853732829984 "GET /students/faculties HTTP/1.1" 200 1605
INFO 2021-03-11 22:49:30,352 basehttp 9 139853732829984 "GET /students/faculties/1 HTTP/1.1" 200 1606
INFO 2021-03-11 22:49:31,645 basehttp 9 139853732829984 "GET /students/delete_faculty/1 HTTP/1.1" 200 2148
INFO 2021-03-11 22:51:09,001 basehttp 9 139853732829984 "GET /students/faculties/1 HTTP/1.1" 200 1606
INFO 2021-03-11 22:56:56,590 basehttp 9 139853732829984 "GET /students/ HTTP/1.1" 200 1683
INFO 2021-03-11 22:57:00,225 basehttp 9 139853732829984 "GET /students/insert_student HTTP/1.1" 200 2337
INFO 2021-03-11 22:57:01,645 basehttp 9 139853732829984 "GET /students/teachers HTTP/1.1" 200 1663
INFO 2021-03-11 22:57:02,326 basehttp 9 139853732829984 "GET /students/ HTTP/1.1" 200 1683
INFO 2021-03-11 22:57:02,867 basehttp 9 139853732829984 "GET /students/teachers HTTP/1.1" 200 1663
INFO 2021-03-11 22:57:03,502 basehttp 9 139853732829984 "GET /students/teachers HTTP/1.1" 200 1663
INFO 2021-03-11 22:57:03,930 basehttp 9 139853732829984 "GET /students/groups HTTP/1.1" 200 1675
INFO 2021-03-11 22:59:13,893 basehttp 9 139853732829984 "GET /students/faculties HTTP/1.1" 200 1764
INFO 2021-03-11 22:59:14,545 basehttp 9 139853732829984 "GET /students/groups HTTP/1.1" 200 1692
INFO 2021-03-11 22:59:15,630 basehttp 9 139853732829984 "GET /students/teachers HTTP/1.1" 200 1680
INFO 2021-03-11 22:59:15,822 basehttp 9 139853732829984 "GET /students/teachers HTTP/1.1" 200 1680
INFO 2021-03-11 22:59:16,352 basehttp 9 139853732829984 "GET /students/ HTTP/1.1" 200 1700
INFO 2021-03-11 22:59:17,713 basehttp 9 139853732829984 "GET /students/ HTTP/1.1" 200 1700
INFO 2021-03-11 22:59:20,201 basehttp 9 139853732829984 "GET /students/insert_student HTTP/1.1" 200 2354
INFO 2021-03-11 22:59:28,323 basehttp 9 139853732829984 "GET /students/ HTTP/1.1" 200 1700
INFO 2021-03-11 22:59:29,376 basehttp 9 139853732829984 "GET /students/teachers HTTP/1.1" 200 1680
INFO 2021-03-11 22:59:30,561 basehttp 9 139853732829984 "GET /students/insert_teacher HTTP/1.1" 200 2478
INFO 2021-03-11 22:59:34,105 basehttp 9 139853732829984 "GET /students/teachers HTTP/1.1" 200 1680
INFO 2021-03-11 22:59:34,816 basehttp 9 139853732829984 "GET /students/groups HTTP/1.1" 200 1692
INFO 2021-03-11 22:59:36,223 basehttp 9 139853732829984 "GET /students/insert_group HTTP/1.1" 200 2169
INFO 2021-03-11 22:59:47,000 basehttp 9 139853732829984 "POST /students/insert_group HTTP/1.1" 302 0
INFO 2021-03-11 22:59:47,027 basehttp 9 139853732829984 "GET /students/groups HTTP/1.1" 200 1751
INFO 2021-03-11 22:59:51,732 basehttp 9 139853732829984 "GET /students/groups HTTP/1.1" 200 1751
INFO 2021-03-11 22:59:52,430 basehttp 9 139853732829984 "GET /students/faculties HTTP/1.1" 200 1764
INFO 2021-03-11 22:59:54,315 basehttp 9 139853732829984 "GET /students/teachers HTTP/1.1" 200 1680
INFO 2021-03-11 22:59:55,581 basehttp 9 139853732829984 "GET /students/insert_teacher HTTP/1.1" 200 2512
INFO 2021-03-11 23:00:01,270 basehttp 9 139853732829984 "POST /students/insert_teacher HTTP/1.1" 302 0
INFO 2021-03-11 23:00:01,291 basehttp 9 139853732829984 "GET /students/teachers HTTP/1.1" 200 1722
INFO 2021-03-11 23:00:03,195 basehttp 9 139853732829984 "GET /students/ HTTP/1.1" 200 1700
INFO 2021-03-11 23:00:04,260 basehttp 9 139853732829984 "GET /students/insert_student HTTP/1.1" 200 2388
INFO 2021-03-11 23:00:08,872 basehttp 9 139853732829984 "POST /students/insert_student HTTP/1.1" 302 0
INFO 2021-03-11 23:00:08,899 basehttp 9 139853732829984 "GET /students/ HTTP/1.1" 200 1750
INFO 2021-03-11 23:00:11,007 basehttp 9 139853732829984 "GET /students/faculties HTTP/1.1" 200 1764
INFO 2021-03-11 23:00:11,603 basehttp 9 139853732829984 "GET /students/groups HTTP/1.1" 200 1751
INFO 2021-03-11 23:00:12,002 basehttp 9 139853732829984 "GET /students/teachers HTTP/1.1" 200 1722
INFO 2021-03-11 23:00:12,520 basehttp 9 139853732829984 "GET /students/ HTTP/1.1" 200 1750
INFO 2021-03-11 23:00:12,937 basehttp 9 139853732829984 "GET /students/groups HTTP/1.1" 200 1751
INFO 2021-03-11 23:00:13,333 basehttp 9 139853732829984 "GET /students/faculties HTTP/1.1" 200 1764
INFO 2021-03-11 23:00:13,700 basehttp 9 139853732829984 "GET /students/faculties HTTP/1.1" 200 1764
INFO 2021-03-11 23:01:56,335 basehttp 9 139853732829984 "GET /students/insert_faculty HTTP/1.1" 200 1951
INFO 2021-03-11 23:03:13,607 basehttp 9 139853732829984 "GET /students/faculties HTTP/1.1" 200 1763
INFO 2021-03-11 23:03:26,783 basehttp 9 139853732829984 "GET /students/insert_faculty HTTP/1.1" 200 1712
INFO 2021-03-11 23:03:34,115 basehttp 9 139853732829984 "GET /students/ HTTP/1.1" 200 1487
INFO 2021-03-11 23:03:41,254 basehttp 9 139853732829984 "GET /students/insert_student HTTP/1.1" 200 2133
INFO 2021-03-11 23:03:42,215 basehttp 9 139853732829984 "GET /students/ HTTP/1.1" 200 1495
INFO 2021-03-11 23:04:19,695 basehttp 9 139853732829984 "GET /students/insert_student HTTP/1.1" 200 2110
INFO 2021-03-11 23:04:25,975 basehttp 9 139853732829984 "GET /students/ HTTP/1.1" 200 1472
INFO 2021-03-11 23:04:26,970 basehttp 9 139853732829984 "GET /students/ HTTP/1.1" 200 1472
INFO 2021-03-11 23:04:27,914 basehttp 9 139853732829984 "GET /students/ HTTP/1.1" 200 1472
INFO 2021-03-11 23:04:28,156 basehttp 9 139853732829984 "GET /students/ HTTP/1.1" 200 1472
INFO 2021-03-11 23:04:28,375 basehttp 9 139853732829984 "GET /students/ HTTP/1.1" 200 1472
INFO 2021-03-11 23:04:28,720 basehttp 9 139853732829984 "GET /students/ HTTP/1.1" 200 1472
INFO 2021-03-11 23:04:35,459 basehttp 9 139853732829984 "GET /students/ HTTP/1.1" 200 1464
INFO 2021-03-11 23:04:36,137 basehttp 9 139853732829984 "GET /students/ HTTP/1.1" 200 1464
INFO 2021-03-11 23:04:42,516 basehttp 9 139853732829984 "GET /students/insert_student HTTP/1.1" 200 2085
INFO 2021-03-11 23:04:57,966 basehttp 9 139853732829984 "GET /students/ HTTP/1.1" 200 1471
INFO 2021-03-11 23:04:58,769 basehttp 9 139853732829984 "GET /students/ HTTP/1.1" 200 1471
INFO 2021-03-11 23:05:38,252 basehttp 9 139853732829984 "GET /students/ HTTP/1.1" 200 1459
INFO 2021-03-11 23:07:04,477 basehttp 9 139853732829984 "GET /students/ HTTP/1.1" 200 1491
INFO 2021-03-11 23:07:55,950 basehttp 9 139853732829984 "GET /students/ HTTP/1.1" 200 1550
INFO 2021-03-11 23:07:56,999 basehttp 9 139853732829984 "GET /students/ HTTP/1.1" 200 1550
INFO 2021-03-11 23:09:05,443 basehttp 9 139853732829984 "GET /students/ HTTP/1.1" 200 1544
INFO 2021-03-11 23:09:06,092 basehttp 9 139853732829984 "GET /students/ HTTP/1.1" 200 1544
INFO 2021-03-11 23:09:06,463 basehttp 9 139853732829984 "GET /students/ HTTP/1.1" 200 1544
INFO 2021-03-11 23:09:56,966 basehttp 9 139853732829984 "GET /students/faculties HTTP/1.1" 200 1684
INFO 2021-03-11 23:09:57,565 basehttp 9 139853732829984 "GET /students/groups HTTP/1.1" 200 1671
INFO 2021-03-11 23:09:58,133 basehttp 9 139853732829984 "GET /students/teachers HTTP/1.1" 200 1642
INFO 2021-03-11 23:09:58,835 basehttp 9 139853732829984 "GET /students/insert_teacher HTTP/1.1" 200 2432
INFO 2021-03-11 23:10:00,762 basehttp 9 139853732829984 "GET /students/ HTTP/1.1" 200 1670
INFO 2021-03-11 23:10:01,369 basehttp 9 139853732829984 "GET /students/ HTTP/1.1" 200 1670
INFO 2021-03-11 23:10:02,819 basehttp 9 139853732829984 "GET /students/groups HTTP/1.1" 200 1671
INFO 2021-03-11 23:10:03,459 basehttp 9 139853732829984 "GET /students/ HTTP/1.1" 200 1670
INFO 2021-03-11 23:10:41,894 basehttp 9 139853732829984 "GET /students/ HTTP/1.1" 200 1703
INFO 2021-03-11 23:10:42,523 basehttp 9 139853732829984 "GET /students/ HTTP/1.1" 200 1703
INFO 2021-03-11 23:10:48,468 basehttp 9 139853732829984 "GET /students/ HTTP/1.1" 200 1696
INFO 2021-03-11 23:10:48,888 basehttp 9 139853732829984 "GET /students/ HTTP/1.1" 200 1696
INFO 2021-03-11 23:11:10,249 basehttp 9 139853732829984 "GET /students/faculties HTTP/1.1" 200 1684
INFO 2021-03-11 23:11:10,856 basehttp 9 139853732829984 "GET /students/groups HTTP/1.1" 200 1671
INFO 2021-03-11 23:11:11,279 basehttp 9 139853732829984 "GET /students/teachers HTTP/1.1" 200 1642
INFO 2021-03-11 23:11:12,114 basehttp 9 139853732829984 "GET /students/ HTTP/1.1" 200 1670
INFO 2021-03-11 23:11:13,020 basehttp 9 139853732829984 "GET /students/teachers HTTP/1.1" 200 1642
INFO 2021-03-11 23:11:13,611 basehttp 9 139853732829984 "GET /students/groups HTTP/1.1" 200 1671
